{"name": "Проверка попадания нового заказа в ленту заказов", "status": "broken", "statusDetails": {"message": "selenium.common.exceptions.ElementClickInterceptedException: Message: element click intercepted: Element <button type=\"button\" class=\"Modal_modal__close_modified__3V5XS Modal_modal__close__TnseK\">...</button> is not clickable at point (1266, 215). Other element would receive the click: <div class=\"Modal_modal_overlay__x2ZCr\"></div>\n  (Session info: chrome=127.0.6533.119)\nStacktrace:\n#0 0x5a02aac846ca <unknown>\n#1 0x5a02aa955600 <unknown>\n#2 0x5a02aa9ab8e6 <unknown>\n#3 0x5a02aa9a97f6 <unknown>\n#4 0x5a02aa9a7277 <unknown>\n#5 0x5a02aa9a611c <unknown>\n#6 0x5a02aa999be6 <unknown>\n#7 0x5a02aa9c78a2 <unknown>\n#8 0x5a02aa999599 <unknown>\n#9 0x5a02aa9c7a6e <unknown>\n#10 0x5a02aa9e604a <unknown>\n#11 0x5a02aa9c7643 <unknown>\n#12 0x5a02aa997d31 <unknown>\n#13 0x5a02aa99879e <unknown>\n#14 0x5a02aac4c25b <unknown>\n#15 0x5a02aac501f2 <unknown>\n#16 0x5a02aac39615 <unknown>\n#17 0x5a02aac50d82 <unknown>\n#18 0x5a02aac1e25f <unknown>\n#19 0x5a02aac73e68 <unknown>\n#20 0x5a02aac74040 <unknown>\n#21 0x5a02aac8349c <unknown>\n#22 0x7cc44769ca94 <unknown>\n#23 0x7cc447729c3c <unknown>", "trace": "self = <tests.test_order_feed_page.TestOrderFeedPage object at 0x7770b72ea390>\ndriver = <selenium.webdriver.firefox.webdriver.WebDriver (session=\"947cb5a0bd37d05381926dfc2597da2f\")>, log_in = None\n\n    @allure.title('Проверка попадания нового заказа в ленту заказов')\n    def test_find_order_id_after_placing_order(self, driver, log_in):\n        page = MainPage(driver)\n>       id_order = page.create_order()\n\ntests/test_order_feed_page.py:42: \n_ _ _ _ _ _ _ _ _ _ _ _ _ _ _ _ _ _ _ _ _ _ _ _ _ _ _ _ _ _ _ _ _ _ _ _ _ _ _ _ _ _ _ _ _ _ _ _ _ _ _ _ _ _ _ _ _ _ _ _ _ _ _ _ _ _ _ _ _ _ _ _ _ _ _ _ _ _ _ _ _ _ _ _ _ \npages/main_page.py:76: in create_order\n    self.close_order_window()\npages/main_page.py:68: in close_order_window\n    return self.wait_and_click(locator=MainPageLocators.CLOSE_ORDER_WINDOW)\npages/base_page.py:18: in wait_and_click\n    element.click()\nvenv/lib/python3.12/site-packages/selenium/webdriver/remote/webelement.py:94: in click\n    self._execute(Command.CLICK_ELEMENT)\nvenv/lib/python3.12/site-packages/selenium/webdriver/remote/webelement.py:395: in _execute\n    return self._parent.execute(command, params)\nvenv/lib/python3.12/site-packages/selenium/webdriver/remote/webdriver.py:354: in execute\n    self.error_handler.check_response(response)\n_ _ _ _ _ _ _ _ _ _ _ _ _ _ _ _ _ _ _ _ _ _ _ _ _ _ _ _ _ _ _ _ _ _ _ _ _ _ _ _ _ _ _ _ _ _ _ _ _ _ _ _ _ _ _ _ _ _ _ _ _ _ _ _ _ _ _ _ _ _ _ _ _ _ _ _ _ _ _ _ _ _ _ _ _ \n\nself = <selenium.webdriver.remote.errorhandler.ErrorHandler object at 0x7770b7325010>\nresponse = {'status': 400, 'value': '{\"value\":{\"error\":\"element click intercepted\",\"message\":\"element click intercepted: Element ...\\\\n#21 0x5a02aac8349c \\\\u003Cunknown>\\\\n#22 0x7cc44769ca94 \\\\u003Cunknown>\\\\n#23 0x7cc447729c3c \\\\u003Cunknown>\\\\n\"}}'}\n\n    def check_response(self, response: Dict[str, Any]) -> None:\n        \"\"\"Checks that a JSON response from the WebDriver does not have an\n        error.\n    \n        :Args:\n         - response - The JSON response from the WebDriver server as a dictionary\n           object.\n    \n        :Raises: If the response contains an error message.\n        \"\"\"\n        status = response.get(\"status\", None)\n        if not status or status == ErrorCode.SUCCESS:\n            return\n        value = None\n        message = response.get(\"message\", \"\")\n        screen: str = response.get(\"screen\", \"\")\n        stacktrace = None\n        if isinstance(status, int):\n            value_json = response.get(\"value\", None)\n            if value_json and isinstance(value_json, str):\n                import json\n    \n                try:\n                    value = json.loads(value_json)\n                    if len(value) == 1:\n                        value = value[\"value\"]\n                    status = value.get(\"error\", None)\n                    if not status:\n                        status = value.get(\"status\", ErrorCode.UNKNOWN_ERROR)\n                        message = value.get(\"value\") or value.get(\"message\")\n                        if not isinstance(message, str):\n                            value = message\n                            message = message.get(\"message\")\n                    else:\n                        message = value.get(\"message\", None)\n                except ValueError:\n                    pass\n    \n        exception_class: Type[WebDriverException]\n        e = ErrorCode()\n        error_codes = [item for item in dir(e) if not item.startswith(\"__\")]\n        for error_code in error_codes:\n            error_info = getattr(ErrorCode, error_code)\n            if isinstance(error_info, list) and status in error_info:\n                exception_class = getattr(ExceptionMapping, error_code, WebDriverException)\n                break\n        else:\n            exception_class = WebDriverException\n    \n        if not value:\n            value = response[\"value\"]\n        if isinstance(value, str):\n            raise exception_class(value)\n        if message == \"\" and \"message\" in value:\n            message = value[\"message\"]\n    \n        screen = None  # type: ignore[assignment]\n        if \"screen\" in value:\n            screen = value[\"screen\"]\n    \n        stacktrace = None\n        st_value = value.get(\"stackTrace\") or value.get(\"stacktrace\")\n        if st_value:\n            if isinstance(st_value, str):\n                stacktrace = st_value.split(\"\\n\")\n            else:\n                stacktrace = []\n                try:\n                    for frame in st_value:\n                        line = frame.get(\"lineNumber\", \"\")\n                        file = frame.get(\"fileName\", \"<anonymous>\")\n                        if line:\n                            file = f\"{file}:{line}\"\n                        meth = frame.get(\"methodName\", \"<anonymous>\")\n                        if \"className\" in frame:\n                            meth = f\"{frame['className']}.{meth}\"\n                        msg = \"    at %s (%s)\"\n                        msg = msg % (meth, file)\n                        stacktrace.append(msg)\n                except TypeError:\n                    pass\n        if exception_class == UnexpectedAlertPresentException:\n            alert_text = None\n            if \"data\" in value:\n                alert_text = value[\"data\"].get(\"text\")\n            elif \"alert\" in value:\n                alert_text = value[\"alert\"].get(\"text\")\n            raise exception_class(message, screen, stacktrace, alert_text)  # type: ignore[call-arg]  # mypy is not smart enough here\n>       raise exception_class(message, screen, stacktrace)\nE       selenium.common.exceptions.ElementClickInterceptedException: Message: element click intercepted: Element <button type=\"button\" class=\"Modal_modal__close_modified__3V5XS Modal_modal__close__TnseK\">...</button> is not clickable at point (1266, 215). Other element would receive the click: <div class=\"Modal_modal_overlay__x2ZCr\"></div>\nE         (Session info: chrome=127.0.6533.119)\nE       Stacktrace:\nE       #0 0x5a02aac846ca <unknown>\nE       #1 0x5a02aa955600 <unknown>\nE       #2 0x5a02aa9ab8e6 <unknown>\nE       #3 0x5a02aa9a97f6 <unknown>\nE       #4 0x5a02aa9a7277 <unknown>\nE       #5 0x5a02aa9a611c <unknown>\nE       #6 0x5a02aa999be6 <unknown>\nE       #7 0x5a02aa9c78a2 <unknown>\nE       #8 0x5a02aa999599 <unknown>\nE       #9 0x5a02aa9c7a6e <unknown>\nE       #10 0x5a02aa9e604a <unknown>\nE       #11 0x5a02aa9c7643 <unknown>\nE       #12 0x5a02aa997d31 <unknown>\nE       #13 0x5a02aa99879e <unknown>\nE       #14 0x5a02aac4c25b <unknown>\nE       #15 0x5a02aac501f2 <unknown>\nE       #16 0x5a02aac39615 <unknown>\nE       #17 0x5a02aac50d82 <unknown>\nE       #18 0x5a02aac1e25f <unknown>\nE       #19 0x5a02aac73e68 <unknown>\nE       #20 0x5a02aac74040 <unknown>\nE       #21 0x5a02aac8349c <unknown>\nE       #22 0x7cc44769ca94 <unknown>\nE       #23 0x7cc447729c3c <unknown>\n\nvenv/lib/python3.12/site-packages/selenium/webdriver/remote/errorhandler.py:229: ElementClickInterceptedException"}, "steps": [{"name": "Создать заказ", "status": "broken", "statusDetails": {"message": "selenium.common.exceptions.ElementClickInterceptedException: Message: element click intercepted: Element <button type=\"button\" class=\"Modal_modal__close_modified__3V5XS Modal_modal__close__TnseK\">...</button> is not clickable at point (1266, 215). Other element would receive the click: <div class=\"Modal_modal_overlay__x2ZCr\"></div>\n  (Session info: chrome=127.0.6533.119)\nStacktrace:\n#0 0x5a02aac846ca <unknown>\n#1 0x5a02aa955600 <unknown>\n#2 0x5a02aa9ab8e6 <unknown>\n#3 0x5a02aa9a97f6 <unknown>\n#4 0x5a02aa9a7277 <unknown>\n#5 0x5a02aa9a611c <unknown>\n#6 0x5a02aa999be6 <unknown>\n#7 0x5a02aa9c78a2 <unknown>\n#8 0x5a02aa999599 <unknown>\n#9 0x5a02aa9c7a6e <unknown>\n#10 0x5a02aa9e604a <unknown>\n#11 0x5a02aa9c7643 <unknown>\n#12 0x5a02aa997d31 <unknown>\n#13 0x5a02aa99879e <unknown>\n#14 0x5a02aac4c25b <unknown>\n#15 0x5a02aac501f2 <unknown>\n#16 0x5a02aac39615 <unknown>\n#17 0x5a02aac50d82 <unknown>\n#18 0x5a02aac1e25f <unknown>\n#19 0x5a02aac73e68 <unknown>\n#20 0x5a02aac74040 <unknown>\n#21 0x5a02aac8349c <unknown>\n#22 0x7cc44769ca94 <unknown>\n#23 0x7cc447729c3c <unknown>\n\n", "trace": "  File \"/home/toster/Документы/Diplom_v2/Diplom_3/venv/lib/python3.12/site-packages/allure_commons/_allure.py\", line 192, in impl\n    return func(*a, **kw)\n           ^^^^^^^^^^^^^^\n  File \"/home/toster/Документы/Diplom_v2/Diplom_3/pages/main_page.py\", line 76, in create_order\n    self.close_order_window()\n  File \"/home/toster/Документы/Diplom_v2/Diplom_3/venv/lib/python3.12/site-packages/allure_commons/_allure.py\", line 192, in impl\n    return func(*a, **kw)\n           ^^^^^^^^^^^^^^\n  File \"/home/toster/Документы/Diplom_v2/Diplom_3/pages/main_page.py\", line 68, in close_order_window\n    return self.wait_and_click(locator=MainPageLocators.CLOSE_ORDER_WINDOW)\n           ^^^^^^^^^^^^^^^^^^^^^^^^^^^^^^^^^^^^^^^^^^^^^^^^^^^^^^^^^^^^^^^^\n  File \"/home/toster/Документы/Diplom_v2/Diplom_3/pages/base_page.py\", line 18, in wait_and_click\n    element.click()\n  File \"/home/toster/Документы/Diplom_v2/Diplom_3/venv/lib/python3.12/site-packages/selenium/webdriver/remote/webelement.py\", line 94, in click\n    self._execute(Command.CLICK_ELEMENT)\n  File \"/home/toster/Документы/Diplom_v2/Diplom_3/venv/lib/python3.12/site-packages/selenium/webdriver/remote/webelement.py\", line 395, in _execute\n    return self._parent.execute(command, params)\n           ^^^^^^^^^^^^^^^^^^^^^^^^^^^^^^^^^^^^^\n  File \"/home/toster/Документы/Diplom_v2/Diplom_3/venv/lib/python3.12/site-packages/selenium/webdriver/remote/webdriver.py\", line 354, in execute\n    self.error_handler.check_response(response)\n  File \"/home/toster/Документы/Diplom_v2/Diplom_3/venv/lib/python3.12/site-packages/selenium/webdriver/remote/errorhandler.py\", line 229, in check_response\n    raise exception_class(message, screen, stacktrace)\n"}, "steps": [{"name": "Перетащить ингредиент в заказ", "status": "passed", "start": 1724261224767, "stop": 1724261225818}, {"name": "Нажать 'Оформить заказ'", "status": "passed", "start": 1724261225818, "stop": 1724261225842}, {"name": "Изменение id заказа в модалке заказа", "status": "passed", "start": 1724261225842, "stop": 1724261225859}, {"name": "Получить id заказа", "status": "passed", "start": 1724261225859, "stop": 1724261225867}, {"name": "Закрыть модалку заказа", "status": "broken", "statusDetails": {"message": "selenium.common.exceptions.ElementClickInterceptedException: Message: element click intercepted: Element <button type=\"button\" class=\"Modal_modal__close_modified__3V5XS Modal_modal__close__TnseK\">...</button> is not clickable at point (1266, 215). Other element would receive the click: <div class=\"Modal_modal_overlay__x2ZCr\"></div>\n  (Session info: chrome=127.0.6533.119)\nStacktrace:\n#0 0x5a02aac846ca <unknown>\n#1 0x5a02aa955600 <unknown>\n#2 0x5a02aa9ab8e6 <unknown>\n#3 0x5a02aa9a97f6 <unknown>\n#4 0x5a02aa9a7277 <unknown>\n#5 0x5a02aa9a611c <unknown>\n#6 0x5a02aa999be6 <unknown>\n#7 0x5a02aa9c78a2 <unknown>\n#8 0x5a02aa999599 <unknown>\n#9 0x5a02aa9c7a6e <unknown>\n#10 0x5a02aa9e604a <unknown>\n#11 0x5a02aa9c7643 <unknown>\n#12 0x5a02aa997d31 <unknown>\n#13 0x5a02aa99879e <unknown>\n#14 0x5a02aac4c25b <unknown>\n#15 0x5a02aac501f2 <unknown>\n#16 0x5a02aac39615 <unknown>\n#17 0x5a02aac50d82 <unknown>\n#18 0x5a02aac1e25f <unknown>\n#19 0x5a02aac73e68 <unknown>\n#20 0x5a02aac74040 <unknown>\n#21 0x5a02aac8349c <unknown>\n#22 0x7cc44769ca94 <unknown>\n#23 0x7cc447729c3c <unknown>\n\n", "trace": "  File \"/home/toster/Документы/Diplom_v2/Diplom_3/venv/lib/python3.12/site-packages/allure_commons/_allure.py\", line 192, in impl\n    return func(*a, **kw)\n           ^^^^^^^^^^^^^^\n  File \"/home/toster/Документы/Diplom_v2/Diplom_3/pages/main_page.py\", line 68, in close_order_window\n    return self.wait_and_click(locator=MainPageLocators.CLOSE_ORDER_WINDOW)\n           ^^^^^^^^^^^^^^^^^^^^^^^^^^^^^^^^^^^^^^^^^^^^^^^^^^^^^^^^^^^^^^^^\n  File \"/home/toster/Документы/Diplom_v2/Diplom_3/pages/base_page.py\", line 18, in wait_and_click\n    element.click()\n  File \"/home/toster/Документы/Diplom_v2/Diplom_3/venv/lib/python3.12/site-packages/selenium/webdriver/remote/webelement.py\", line 94, in click\n    self._execute(Command.CLICK_ELEMENT)\n  File \"/home/toster/Документы/Diplom_v2/Diplom_3/venv/lib/python3.12/site-packages/selenium/webdriver/remote/webelement.py\", line 395, in _execute\n    return self._parent.execute(command, params)\n           ^^^^^^^^^^^^^^^^^^^^^^^^^^^^^^^^^^^^^\n  File \"/home/toster/Документы/Diplom_v2/Diplom_3/venv/lib/python3.12/site-packages/selenium/webdriver/remote/webdriver.py\", line 354, in execute\n    self.error_handler.check_response(response)\n  File \"/home/toster/Документы/Diplom_v2/Diplom_3/venv/lib/python3.12/site-packages/selenium/webdriver/remote/errorhandler.py\", line 229, in check_response\n    raise exception_class(message, screen, stacktrace)\n"}, "start": 1724261225867, "stop": 1724261226921}], "start": 1724261224767, "stop": 1724261226921}], "parameters": [{"name": "driver", "value": "'chrome'"}], "start": 1724261224767, "stop": 1724261226921, "uuid": "7cc08acb-bbfe-44a9-b63e-37101fba2b57", "historyId": "3ffae393ae43b8ceabece6583a3bb95f", "testCaseId": "e7550016b3ddafa3e749922e4d208b58", "fullName": "tests.test_order_feed_page.TestOrderFeedPage#test_find_order_id_after_placing_order", "labels": [{"name": "parentSuite", "value": "tests"}, {"name": "suite", "value": "test_order_feed_page"}, {"name": "subSuite", "value": "TestOrderFeedPage"}, {"name": "host", "value": "toster-Katana-17-B12UCR"}, {"name": "thread", "value": "34852-MainThread"}, {"name": "framework", "value": "pytest"}, {"name": "language", "value": "cpython3"}, {"name": "package", "value": "tests.test_order_feed_page"}]}