{"name": "Проверка обновления счетчика \"Выполненно сегодня\"", "status": "broken", "statusDetails": {"message": "selenium.common.exceptions.TimeoutException: Message: \nStacktrace:\n#0 0x630cffcef6ca <unknown>\n#1 0x630cff9c0600 <unknown>\n#2 0x630cffa0fbcb <unknown>\n#3 0x630cffa0feb1 <unknown>\n#4 0x630cffa53b24 <unknown>\n#5 0x630cffa328cd <unknown>\n#6 0x630cffa5104a <unknown>\n#7 0x630cffa32643 <unknown>\n#8 0x630cffa02d31 <unknown>\n#9 0x630cffa0379e <unknown>\n#10 0x630cffcb725b <unknown>\n#11 0x630cffcbb1f2 <unknown>\n#12 0x630cffca4615 <unknown>\n#13 0x630cffcbbd82 <unknown>\n#14 0x630cffc8925f <unknown>\n#15 0x630cffcdee68 <unknown>\n#16 0x630cffcdf040 <unknown>\n#17 0x630cffcee49c <unknown>\n#18 0x7d05a929ca94 <unknown>\n#19 0x7d05a9329c3c <unknown>", "trace": "self = <tests.test_order_feed_page.TestOrderFeedPage object at 0x7a6ae4199940>\ndriver = <selenium.webdriver.firefox.webdriver.WebDriver (session=\"2a61c26f70103893229a3b8094e4408e\")>, log_in = None\n\n    @allure.title('Проверка обновления счетчика \"Выполненно сегодня\"')\n    def test_update_counter_competed_today(self, driver, log_in):\n        page = MainPage(driver)\n        page.click_on_order_feed()\n>       old_counter = page.get_counter_completed_today()\n\ntests/test_order_feed_page.py:21: \n_ _ _ _ _ _ _ _ _ _ _ _ _ _ _ _ _ _ _ _ _ _ _ _ _ _ _ _ _ _ _ _ _ _ _ _ _ _ _ _ _ _ _ _ _ _ _ _ _ _ _ _ _ _ _ _ _ _ _ _ _ _ _ _ _ _ _ _ _ _ _ _ _ _ _ _ _ _ _ _ _ _ _ _ _ \npages/main_page.py:93: in get_counter_completed_today\n    return self.find_element(locator=MainPageLocators.COUNTER_COMPLETED_TODAY).text\npages/base_page.py:14: in find_element\n    return WebDriverWait(self.driver, wait_time).until(ec.presence_of_element_located(locator))\n_ _ _ _ _ _ _ _ _ _ _ _ _ _ _ _ _ _ _ _ _ _ _ _ _ _ _ _ _ _ _ _ _ _ _ _ _ _ _ _ _ _ _ _ _ _ _ _ _ _ _ _ _ _ _ _ _ _ _ _ _ _ _ _ _ _ _ _ _ _ _ _ _ _ _ _ _ _ _ _ _ _ _ _ _ \n\nself = <selenium.webdriver.support.wait.WebDriverWait (session=\"2a61c26f70103893229a3b8094e4408e\")>\nmethod = <function presence_of_element_located.<locals>._predicate at 0x7a6ae419e160>, message = ''\n\n    def until(self, method: Callable[[D], Union[Literal[False], T]], message: str = \"\") -> T:\n        \"\"\"Calls the method provided with the driver as an argument until the \\\n        return value does not evaluate to ``False``.\n    \n        :param method: callable(WebDriver)\n        :param message: optional message for :exc:`TimeoutException`\n        :returns: the result of the last call to `method`\n        :raises: :exc:`selenium.common.exceptions.TimeoutException` if timeout occurs\n        \"\"\"\n        screen = None\n        stacktrace = None\n    \n        end_time = time.monotonic() + self._timeout\n        while True:\n            try:\n                value = method(self._driver)\n                if value:\n                    return value\n            except self._ignored_exceptions as exc:\n                screen = getattr(exc, \"screen\", None)\n                stacktrace = getattr(exc, \"stacktrace\", None)\n            time.sleep(self._poll)\n            if time.monotonic() > end_time:\n                break\n>       raise TimeoutException(message, screen, stacktrace)\nE       selenium.common.exceptions.TimeoutException: Message: \nE       Stacktrace:\nE       #0 0x630cffcef6ca <unknown>\nE       #1 0x630cff9c0600 <unknown>\nE       #2 0x630cffa0fbcb <unknown>\nE       #3 0x630cffa0feb1 <unknown>\nE       #4 0x630cffa53b24 <unknown>\nE       #5 0x630cffa328cd <unknown>\nE       #6 0x630cffa5104a <unknown>\nE       #7 0x630cffa32643 <unknown>\nE       #8 0x630cffa02d31 <unknown>\nE       #9 0x630cffa0379e <unknown>\nE       #10 0x630cffcb725b <unknown>\nE       #11 0x630cffcbb1f2 <unknown>\nE       #12 0x630cffca4615 <unknown>\nE       #13 0x630cffcbbd82 <unknown>\nE       #14 0x630cffc8925f <unknown>\nE       #15 0x630cffcdee68 <unknown>\nE       #16 0x630cffcdf040 <unknown>\nE       #17 0x630cffcee49c <unknown>\nE       #18 0x7d05a929ca94 <unknown>\nE       #19 0x7d05a9329c3c <unknown>\n\nvenv/lib/python3.12/site-packages/selenium/webdriver/support/wait.py:105: TimeoutException"}, "steps": [{"name": "Нажать 'Лента Заказов'", "status": "passed", "start": 1724261013693, "stop": 1724261013716}, {"name": "Получить число из счетчика Выполненно сегодня", "status": "broken", "statusDetails": {"message": "selenium.common.exceptions.TimeoutException: Message: \nStacktrace:\n#0 0x630cffcef6ca <unknown>\n#1 0x630cff9c0600 <unknown>\n#2 0x630cffa0fbcb <unknown>\n#3 0x630cffa0feb1 <unknown>\n#4 0x630cffa53b24 <unknown>\n#5 0x630cffa328cd <unknown>\n#6 0x630cffa5104a <unknown>\n#7 0x630cffa32643 <unknown>\n#8 0x630cffa02d31 <unknown>\n#9 0x630cffa0379e <unknown>\n#10 0x630cffcb725b <unknown>\n#11 0x630cffcbb1f2 <unknown>\n#12 0x630cffca4615 <unknown>\n#13 0x630cffcbbd82 <unknown>\n#14 0x630cffc8925f <unknown>\n#15 0x630cffcdee68 <unknown>\n#16 0x630cffcdf040 <unknown>\n#17 0x630cffcee49c <unknown>\n#18 0x7d05a929ca94 <unknown>\n#19 0x7d05a9329c3c <unknown>\n\n", "trace": "  File \"/home/toster/Документы/Diplom_v2/Diplom_3/venv/lib/python3.12/site-packages/allure_commons/_allure.py\", line 192, in impl\n    return func(*a, **kw)\n           ^^^^^^^^^^^^^^\n  File \"/home/toster/Документы/Diplom_v2/Diplom_3/pages/main_page.py\", line 93, in get_counter_completed_today\n    return self.find_element(locator=MainPageLocators.COUNTER_COMPLETED_TODAY).text\n           ^^^^^^^^^^^^^^^^^^^^^^^^^^^^^^^^^^^^^^^^^^^^^^^^^^^^^^^^^^^^^^^^^^^\n  File \"/home/toster/Документы/Diplom_v2/Diplom_3/pages/base_page.py\", line 14, in find_element\n    return WebDriverWait(self.driver, wait_time).until(ec.presence_of_element_located(locator))\n           ^^^^^^^^^^^^^^^^^^^^^^^^^^^^^^^^^^^^^^^^^^^^^^^^^^^^^^^^^^^^^^^^^^^^^^^^^^^^^^^^^^^^\n  File \"/home/toster/Документы/Diplom_v2/Diplom_3/venv/lib/python3.12/site-packages/selenium/webdriver/support/wait.py\", line 105, in until\n    raise TimeoutException(message, screen, stacktrace)\n"}, "start": 1724261013716, "stop": 1724261023895}], "parameters": [{"name": "driver", "value": "'chrome'"}], "start": 1724261013693, "stop": 1724261023896, "uuid": "8d792578-d723-4080-a7d0-f92ee1349888", "historyId": "3ccef33091dc9755972299cbf0d17f76", "testCaseId": "8ac12e7c74cdb3346598d3aeb280f388", "fullName": "tests.test_order_feed_page.TestOrderFeedPage#test_update_counter_competed_today", "labels": [{"name": "parentSuite", "value": "tests"}, {"name": "suite", "value": "test_order_feed_page"}, {"name": "subSuite", "value": "TestOrderFeedPage"}, {"name": "host", "value": "toster-Katana-17-B12UCR"}, {"name": "thread", "value": "31733-MainThread"}, {"name": "framework", "value": "pytest"}, {"name": "language", "value": "cpython3"}, {"name": "package", "value": "tests.test_order_feed_page"}]}