{"name": "Проверка попадания нового заказа в ленту заказов", "status": "failed", "statusDetails": {"message": "AssertionError: assert 'се текущие заказы готовы!' == '110848'\n  \n  - 110848\n  + се текущие заказы готовы!", "trace": "self = <tests.test_order_feed_page.TestOrderFeedPage object at 0x7c1bd849b230>\ndriver = <selenium.webdriver.chrome.webdriver.WebDriver (session=\"a4e2ddb6db971d3df841c823214891a6\")>, log_in = None\n\n    @allure.title('Проверка попадания нового заказа в ленту заказов')\n    def test_find_order_id_after_placing_order(self, driver, log_in):\n        page = MainPage(driver)\n        id_order = page.create_order()\n        page.click_on_order_feed()\n>       assert page.get_order_in_work()[1:] == id_order\nE       AssertionError: assert 'се текущие заказы готовы!' == '110848'\nE         \nE         - 110848\nE         + се текущие заказы готовы!\n\ntests/test_order_feed_page.py:44: AssertionError"}, "steps": [{"name": "Создать заказ", "status": "passed", "steps": [{"name": "Перетащить ингредиент в заказ", "status": "passed", "start": 1724267113438, "stop": 1724267114498}, {"name": "Нажать 'Оформить заказ'", "status": "passed", "start": 1724267114498, "stop": 1724267114526}, {"name": "Изменение id заказа в модалке заказа", "status": "passed", "start": 1724267114526, "stop": 1724267116590}, {"name": "Получить id заказа", "status": "passed", "start": 1724267116590, "stop": 1724267116597}, {"name": "Закрыть модалку заказа", "status": "passed", "start": 1724267116597, "stop": 1724267116618}], "start": 1724267113438, "stop": 1724267116618}, {"name": "Нажать 'Лента Заказов'", "status": "passed", "start": 1724267116618, "stop": 1724267116876}, {"name": "Получить первый в списке заказ в работе", "status": "passed", "start": 1724267116876, "stop": 1724267117419}], "parameters": [{"name": "driver", "value": "'chrome'"}], "start": 1724267113438, "stop": 1724267117419, "uuid": "5c24783c-6b8a-4a97-a730-f5ca956263c7", "historyId": "3ffae393ae43b8ceabece6583a3bb95f", "testCaseId": "e7550016b3ddafa3e749922e4d208b58", "fullName": "tests.test_order_feed_page.TestOrderFeedPage#test_find_order_id_after_placing_order", "labels": [{"name": "parentSuite", "value": "tests"}, {"name": "suite", "value": "test_order_feed_page"}, {"name": "subSuite", "value": "TestOrderFeedPage"}, {"name": "host", "value": "toster-Katana-17-B12UCR"}, {"name": "thread", "value": "31390-MainThread"}, {"name": "framework", "value": "pytest"}, {"name": "language", "value": "cpython3"}, {"name": "package", "value": "tests.test_order_feed_page"}]}